#
# A fatal error has been detected by the Java Runtime Environment:
#
#  EXCEPTION_ACCESS_VIOLATION (0xc0000005) at pc=0x0000000706a829d8, pid=12852, tid=17292
#
# JRE version: OpenJDK Runtime Environment (17.0.10) (build 17.0.10+0--11609105)
# Java VM: OpenJDK 64-Bit Server VM (17.0.10+0--11609105, mixed mode, tiered, compressed oops, compressed class ptrs, g1 gc, windows-amd64)
# Problematic frame:
# C  0x0000000706a829d8
#
# No core dump will be written. Minidumps are not enabled by default on client versions of Windows
#
# If you would like to submit a bug report, please visit:
#   https://bugreport.java.com/bugreport/crash.jsp
#

---------------  S U M M A R Y ------------

Command Line: org.jetbrains.kotlin.cli.jvm.K2JVMCompiler @C:\Users\Admin\Documents\LocationTracker\app\build\20240701_5716360186102172688.compiler.options

Host: Intel(R) Core(TM) i7-8650U CPU @ 1.90GHz, 8 cores, 15G,  Windows 11 , 64 bit Build 22621 (10.0.22621.1635)
Time: Mon Jul  1 16:13:18 2024 India Standard Time elapsed time: 7.224985 seconds (0d 0h 0m 7s)

---------------  T H R E A D  ---------------

Current thread (0x0000027a3e3f1240):  JavaThread "main" [_thread_in_Java, id=17292, stack(0x000000a44d300000,0x000000a44d400000)]

Stack: [0x000000a44d300000,0x000000a44d400000],  sp=0x000000a44d3f9b90,  free space=998k
Native frames: (J=compiled Java code, j=interpreted, Vv=VM code, C=native code)
C  0x0000000706a829d8


siginfo: EXCEPTION_ACCESS_VIOLATION (0xc0000005), data execution prevention violation at address 0x0000000706a829d8


Registers:
RAX=0x0000000706a829d8, RBX=0x0000027a495d4fcc, RCX=0x000000a44d3f9b68, RDX=0x0000000706a93b88
RSP=0x000000a44d3f9b90, RBP=0x00000000b61fc09a, RSI=0x0000027a48e09657, RDI=0x0000000000000000
R8 =0x0000000706a84068, R9 =0x0000027a421dbffc, R10=0x0000000800000000, R11=0x000000080049cc18
R12=0x0000000000000000, R13=0x00000000e051b548, R14=0x00000007028daa40, R15=0x0000027a3e3f1240
RIP=0x0000000706a829d8, EFLAGS=0x0000000000210a92


Register to memory mapping:

RIP=0x0000000706a829d8 is an oop: kotlin.SynchronizedLazyImpl 
{0x0000000706a829d8} - klass: 'kotlin/SynchronizedLazyImpl'
 - ---- fields (total size 3 words):
 - private 'initializer' 'Lkotlin/jvm/functions/Function0;' @12  NULL (0)
 - private volatile '_value' 'Ljava/lang/Object;' @16  a 'java/util/LinkedHashMap'{0x0000000706a94990} (e0d52932)
 - private final 'lock' 'Ljava/lang/Object;' @20  a 'kotlin/SynchronizedLazyImpl'{0x0000000706a829d8} (e0d5053b)
RAX=0x0000000706a829d8 is an oop: kotlin.SynchronizedLazyImpl 
{0x0000000706a829d8} - klass: 'kotlin/SynchronizedLazyImpl'
 - ---- fields (total size 3 words):
 - private 'initializer' 'Lkotlin/jvm/functions/Function0;' @12  NULL (0)
 - private volatile '_value' 'Ljava/lang/Object;' @16  a 'java/util/LinkedHashMap'{0x0000000706a94990} (e0d52932)
 - private final 'lock' 'Ljava/lang/Object;' @20  a 'kotlin/SynchronizedLazyImpl'{0x0000000706a829d8} (e0d5053b)
RBX=0x0000027a495d4fcc is at entry_point+364 in (nmethod*)0x0000027a495d4c90
Compiled method (c2)    7232 4862       4       java.util.HashMap::putVal (300 bytes)
 total in heap  [0x0000027a495d4c90,0x0000027a495d5c58] = 4040
 relocation     [0x0000027a495d4de8,0x0000027a495d4e50] = 104
 main code      [0x0000027a495d4e60,0x0000027a495d56c0] = 2144
 stub code      [0x0000027a495d56c0,0x0000027a495d56f8] = 56
 metadata       [0x0000027a495d56f8,0x0000027a495d5728] = 48
 scopes data    [0x0000027a495d5728,0x0000027a495d5a48] = 800
 scopes pcs     [0x0000027a495d5a48,0x0000027a495d5b98] = 336
 dependencies   [0x0000027a495d5b98,0x0000027a495d5ba0] = 8
 handler table  [0x0000027a495d5ba0,0x0000027a495d5c48] = 168
 nul chk table  [0x0000027a495d5c48,0x0000027a495d5c58] = 16
RCX=0x000000a44d3f9b68 is pointing into the stack for thread: 0x0000027a3e3f1240
RDX=0x0000000706a93b88 is an oop: org.jetbrains.kotlin.load.java.lazy.descriptors.LazyJavaClassDescriptor$LazyJavaClassTypeConstructor 
{0x0000000706a93b88} - klass: 'org/jetbrains/kotlin/load/java/lazy/descriptors/LazyJavaClassDescriptor$LazyJavaClassTypeConstructor'
 - ---- fields (total size 4 words):
 - private 'hashCode' 'I' @12  0
 - private final 'shouldReportCyclicScopeWithCompanionWarning' 'Z' @16  false
 - private final 'supertypes' 'Lorg/jetbrains/kotlin/storage/NotNullLazyValue;' @20  a 'org/jetbrains/kotlin/storage/LockBasedStorageManager$5'{0x0000000706a93bd8} (e0d5277b)
 - private final 'parameters' 'Lorg/jetbrains/kotlin/storage/NotNullLazyValue;' @24  a 'org/jetbrains/kotlin/storage/LockBasedStorageManager$LockBasedNotNullLazyValue'{0x0000000706a93c18} (e0d52783)
 - final synthetic 'this$0' 'Lorg/jetbrains/kotlin/load/java/lazy/descriptors/LazyJavaClassDescriptor;' @28  a 'org/jetbrains/kotlin/load/java/lazy/descriptors/LazyJavaClassDescriptor'{0x0000000706a937f8} (e0d526ff)
RSP=0x000000a44d3f9b90 is pointing into the stack for thread: 0x0000027a3e3f1240
RBP=0x00000000b61fc09a is an unknown value
RSI=0x0000027a48e09657 is at code_begin+1463 in an Interpreter codelet
return entry points  [0x0000027a48e090a0, 0x0000027a48e09ba0]  2816 bytes
RDI=0x0 is NULL
R8 =0x0000000706a84068 is an oop: org.jetbrains.kotlin.load.java.structure.impl.classFiles.BinaryJavaAnnotation 
{0x0000000706a84068} - klass: 'org/jetbrains/kotlin/load/java/structure/impl/classFiles/BinaryJavaAnnotation'
 - ---- fields (total size 4 words):
 - private final 'isFreshlySupportedTypeUseAnnotation' 'Z' @12  false
 - private final 'context' 'Lorg/jetbrains/kotlin/load/java/structure/impl/classFiles/ClassifierResolutionContext;' @16  a 'org/jetbrains/kotlin/load/java/structure/impl/classFiles/ClassifierResolutionContext'{0x0000000706a82740} (e0d504e8)
 - private final 'arguments' 'Ljava/util/Collection;' @20  a 'java/util/ArrayList'{0x0000000706a84050} (e0d5080a)
 - private final 'classifierResolutionResult$delegate' 'Lkotlin/Lazy;' @24  a 'kotlin/UnsafeLazyImpl'{0x0000000706a840a0} (e0d50814)
R9 =0x0000027a421dbffc is at entry_point+1148 in (nmethod*)0x0000027a421db910
Compiled method (c1)    7241 4529       2       org.jetbrains.kotlin.load.java.structure.impl.classFiles.BinaryJavaAnnotation::getClassId (59 bytes)
 total in heap  [0x0000027a421db910,0x0000027a421dc590] = 3200
 relocation     [0x0000027a421dba68,0x0000027a421dbb70] = 264
 main code      [0x0000027a421dbb80,0x0000027a421dc120] = 1440
 stub code      [0x0000027a421dc120,0x0000027a421dc238] = 280
 oops           [0x0000027a421dc238,0x0000027a421dc240] = 8
 metadata       [0x0000027a421dc240,0x0000027a421dc278] = 56
 scopes data    [0x0000027a421dc278,0x0000027a421dc3b8] = 320
 scopes pcs     [0x0000027a421dc3b8,0x0000027a421dc568] = 432
 dependencies   [0x0000027a421dc568,0x0000027a421dc570] = 8
 nul chk table  [0x0000027a421dc570,0x0000027a421dc590] = 32
R10=0x0000000800000000 is pointing into metadata
R11=0x000000080049cc18 is a pointer to class: 
org.jetbrains.kotlin.load.java.components.JavaSourceElementFactoryImpl {0x000000080049cc20}
 - instance size:     2
 - klass size:        72
 - access:            public final synchronized 
 - state:             fully_initialized
 - name:              'org/jetbrains/kotlin/load/java/components/JavaSourceElementFactoryImpl'
 - super:             'java/lang/Object'
 - sub:               
 - arrays:            NULL
 - methods:           Array<T>(0x0000027a5f78c408)
 - method ordering:   Array<T>(0x0000027a5e000018)
 - default_methods:   Array<T>(0x0000000000000000)
 - local interfaces:  Array<T>(0x0000027a5fe39d18)
 - trans. interfaces: Array<T>(0x0000027a5fe39d18)
 - constants:         constant pool [54] {0x0000027a5fa82950} for 'org/jetbrains/kotlin/load/java/components/JavaSourceElementFactoryImpl' cache=0x0000027a6003bc70
 - class loader data:  loader data: 0x0000027a5ce6e760 for instance a 'jdk/internal/loader/ClassLoaders$AppClassLoader'{0x0000000702a00000}
 - source file:       'JavaSourceElementFactoryImpl.kt'
 - class annotations:       Array<T>(0x0000027a5fcde408)
 - class type annotations:  Array<T>(0x0000000000000000)
 - field annotations:       Array<T>(0x0000000000000000)
 - field type annotations:  Array<T>(0x0000000000000000)
 - inner classes:     Array<T>(0x0000027a5e000028)
 - nest members:     Array<T>(0x0000027a5e000028)
 - permitted subclasses:     Array<T>(0x0000027a5e000028)
 - java mirror:       a 'java/lang/Class'{0x00000007034167f0} = 'org/jetbrains/kotlin/load/java/components/JavaSourceElementFactoryImpl'
 - vtable length      5  (start addr: 0x000000080049ce08)
 - itable length      5 (start addr: 0x000000080049ce30)
 - ---- static fields (0 words):
 - ---- non-static fields (0 words):
 - non-static oop maps: 
R12=0x0 is NULL
R13=3763451208 is a compressed pointer to object: org.jetbrains.kotlin.storage.LockBasedStorageManager 
{0x00000007028daa40} - klass: 'org/jetbrains/kotlin/storage/LockBasedStorageManager'
 - ---- fields (total size 3 words):
 - protected final 'lock' 'Lorg/jetbrains/kotlin/storage/SimpleLock;' @12  a 'org/jetbrains/kotlin/storage/CancellableSimpleLock'{0x00000007022b6148} (e0456c29)
 - private final 'exceptionHandlingStrategy' 'Lorg/jetbrains/kotlin/storage/LockBasedStorageManager$ExceptionHandlingStrategy;' @16  a 'org/jetbrains/kotlin/storage/ExceptionTracker'{0x00000007022b6190} (e0456c32)
 - private final 'debugText' 'Ljava/lang/String;' @20  "TopDownAnalyzer for JVM"{0x0000000702259d68} (e044b3ad)
R14=0x00000007028daa40 is an oop: org.jetbrains.kotlin.storage.LockBasedStorageManager 
{0x00000007028daa40} - klass: 'org/jetbrains/kotlin/storage/LockBasedStorageManager'
 - ---- fields (total size 3 words):
 - protected final 'lock' 'Lorg/jetbrains/kotlin/storage/SimpleLock;' @12  a 'org/jetbrains/kotlin/storage/CancellableSimpleLock'{0x00000007022b6148} (e0456c29)
 - private final 'exceptionHandlingStrategy' 'Lorg/jetbrains/kotlin/storage/LockBasedStorageManager$ExceptionHandlingStrategy;' @16  a 'org/jetbrains/kotlin/storage/ExceptionTracker'{0x00000007022b6190} (e0456c32)
 - private final 'debugText' 'Ljava/lang/String;' @20  "TopDownAnalyzer for JVM"{0x0000000702259d68} (e044b3ad)
R15=0x0000027a3e3f1240 is a thread


Top of Stack: (sp=0x000000a44d3f9b90)
0x000000a44d3f9b90:   0000000706a987d8 0000000706a84068
0x000000a44d3f9ba0:   000000070320e8c0 0000000706a97ab0
0x000000a44d3f9bb0:   0000027a4dbf1000 0000027ae0d5310c
0x000000a44d3f9bc0:   000000070320e8d8 0000000706a82f70
0x000000a44d3f9bd0:   0000000706a98cd0 0000000706a939e0
0x000000a44d3f9be0:   0000000700000000 0000000706a98a38
0x000000a44d3f9bf0:   0000000706a98a70 0000000706a82f70
0x000000a44d3f9c00:   0000000706a98ad0 0000000706a98d58
0x000000a44d3f9c10:   0000000706a829d8 0000027a4225311c
0x000000a44d3f9c20:   0000000706a94418 0000027a4240e8b4
0x000000a44d3f9c30:   0000000706a93870 0000000706a937f8
0x000000a44d3f9c40:   0000000706a8fcd0 0000027a5e875d08
0x000000a44d3f9c50:   0000000706a93880 0000027a419d7744
0x000000a44d3f9c60:   000000a44d3f9db0 0000027a41bc43c4
0x000000a44d3f9c70:   0000000702289988 0000000000000000
0x000000a44d3f9c80:   0000000706a8f568 0000000706a75d18
0x000000a44d3f9c90:   0000000706a93880 0000027a49437594
0x000000a44d3f9ca0:   000000a44d3f9d48 0000027a421a82a4
0x000000a44d3f9cb0:   000000070323b2f0 0000000706a82948
0x000000a44d3f9cc0:   0000000706a94990 0000000706a949c8
0x000000a44d3f9cd0:   0000000706a84068 0000000000000001
0x000000a44d3f9ce0:   0000000706a829d8 0000027a41ff1314
0x000000a44d3f9cf0:   0000000706a82780 0000000706a939e0
0x000000a44d3f9d00:   0000000706a82f70 0000027a00000000
0x000000a44d3f9d10:   000000a44d3f9d60 000000070320e850
0x000000a44d3f9d20:   0000000706a98b90 0000000706a98a70
0x000000a44d3f9d30:   00000007036a6fb8 00000007036a7098
0x000000a44d3f9d40:   0000000706a98ba8 0000027a48e09abb
0x000000a44d3f9d50:   000000070320e818 0000000706a98be0
0x000000a44d3f9d60:   00000007036a74b0 00000007036a7598
0x000000a44d3f9d70:   0000000706a98bf8 000000a44d3f9df8
0x000000a44d3f9d80:   000000070320e888 0000000706a98c30 

Instructions: (pc=0x0000000706a829d8)
0x0000000706a828d8:   00 00 00 00 1c 05 d5 e0 01 00 00 00 00 00 00 00
0x0000000706a828e8:   60 08 04 00 33 00 00 00 63 6f 6d 2e 67 6f 6f 67
0x0000000706a828f8:   6c 65 2e 61 6e 64 72 6f 69 64 2e 67 6d 73 2e 63
0x0000000706a82908:   6f 6d 6d 6f 6e 2e 61 6e 6e 6f 74 61 74 69 6f 6e
0x0000000706a82918:   2e 4b 65 65 70 46 6f 72 53 64 6b 00 00 00 00 00
0x0000000706a82928:   01 00 00 00 00 00 00 00 88 69 1b 00 19 05 d5 e0
0x0000000706a82938:   fb 04 d5 e0 63 08 d5 e0 60 08 d5 e0 00 00 00 00
0x0000000706a82948:   01 00 00 00 00 00 00 00 d0 93 0c 00 03 00 00 00
0x0000000706a82958:   03 00 00 00 21 08 d5 e0 01 00 00 00 00 00 00 00
0x0000000706a82968:   40 54 05 00 01 00 00 00 00 00 00 00 4a 28 54 e0
0x0000000706a82978:   01 00 00 00 00 00 00 00 40 54 05 00 01 00 00 00
0x0000000706a82988:   00 00 00 00 4a 28 54 e0 01 00 00 00 00 00 00 00
0x0000000706a82998:   40 54 05 00 01 00 00 00 00 00 00 00 4a 28 54 e0
0x0000000706a829a8:   01 00 00 00 00 00 00 00 40 54 05 00 00 00 00 00
0x0000000706a829b8:   00 00 00 00 4a 28 54 e0 01 00 00 00 00 00 00 00
0x0000000706a829c8:   00 00 57 00 00 00 00 00 f0 04 d5 e0 00 00 00 00
0x0000000706a829d8:   01 00 00 00 00 00 00 00 00 8b 0c 00 00 00 00 00
0x0000000706a829e8:   32 29 d5 e0 3b 05 d5 e0 01 00 00 00 00 00 00 00
0x0000000706a829f8:   80 c3 2e 00 00 00 00 00 00 00 00 00 00 00 00 00
0x0000000706a82a08:   cd cc 4c 3f 00 00 00 00 47 c9 5f e0 3e 05 d5 e0
0x0000000706a82a18:   47 c9 5f e0 00 00 00 00 01 00 00 00 00 00 00 00
0x0000000706a82a28:   40 54 05 00 00 00 00 00 00 00 00 00 4a 28 54 e0
0x0000000706a82a38:   01 00 00 00 00 00 00 00 08 b2 57 00 a1 01 00 00
0x0000000706a82a48:   38 00 00 00 9c 04 d5 e0 9c 04 d5 e0 4d 05 d5 e0
0x0000000706a82a58:   59 05 d5 e0 00 00 00 00 00 00 00 00 00 00 00 00
0x0000000706a82a68:   01 00 00 00 00 00 00 00 90 0c 04 00 13 00 00 00
0x0000000706a82a78:   00 00 00 00 0b 00 00 00 41 00 00 00 44 00 00 00
0x0000000706a82a88:   57 00 00 00 5a 00 00 00 7c 00 00 00 7f 00 00 00
0x0000000706a82a98:   b7 00 00 00 e2 00 00 00 02 01 00 00 0a 01 00 00
0x0000000706a82aa8:   2f 01 00 00 36 01 00 00 3e 01 00 00 47 01 00 00
0x0000000706a82ab8:   55 01 00 00 79 01 00 00 86 01 00 00 00 00 00 00
0x0000000706a82ac8:   01 00 00 00 00 00 00 00 98 d0 05 00 13 00 00 00 


Stack slot to memory mapping:
stack at sp + 0 slots: 0x0000000706a987d8 is an oop: org.jetbrains.kotlin.name.FqName 
{0x0000000706a987d8} - klass: 'org/jetbrains/kotlin/name/FqName'
 - ---- fields (total size 3 words):
 - private final 'fqName' 'Lorg/jetbrains/kotlin/name/FqNameUnsafe;' @12  a 'org/jetbrains/kotlin/name/FqNameUnsafe'{0x0000000706a988a8} (e0d53115)
 - private transient 'parent' 'Lorg/jetbrains/kotlin/name/FqName;' @16  NULL (0)
stack at sp + 1 slots: 0x0000000706a84068 is an oop: org.jetbrains.kotlin.load.java.structure.impl.classFiles.BinaryJavaAnnotation 
{0x0000000706a84068} - klass: 'org/jetbrains/kotlin/load/java/structure/impl/classFiles/BinaryJavaAnnotation'
 - ---- fields (total size 4 words):
 - private final 'isFreshlySupportedTypeUseAnnotation' 'Z' @12  false
 - private final 'context' 'Lorg/jetbrains/kotlin/load/java/structure/impl/classFiles/ClassifierResolutionContext;' @16  a 'org/jetbrains/kotlin/load/java/structure/impl/classFiles/ClassifierResolutionContext'{0x0000000706a82740} (e0d504e8)
 - private final 'arguments' 'Ljava/util/Collection;' @20  a 'java/util/ArrayList'{0x0000000706a84050} (e0d5080a)
 - private final 'classifierResolutionResult$delegate' 'Lkotlin/Lazy;' @24  a 'kotlin/UnsafeLazyImpl'{0x0000000706a840a0} (e0d50814)
stack at sp + 2 slots: 0x000000070320e8c0 is an oop: org.jetbrains.kotlin.name.FqName 
{0x000000070320e8c0} - klass: 'org/jetbrains/kotlin/name/FqName'
 - ---- fields (total size 3 words):
 - private final 'fqName' 'Lorg/jetbrains/kotlin/name/FqNameUnsafe;' @12  a 'org/jetbrains/kotlin/name/FqNameUnsafe'{0x000000070320e8d8} (e0641d1b)
 - private transient 'parent' 'Lorg/jetbrains/kotlin/name/FqName;' @16  a 'org/jetbrains/kotlin/name/FqName'{0x0000000703a3ab38} (e0747567)
stack at sp + 3 slots: 0x0000000706a97ab0 is an oop: [Ljava.util.HashMap$Node; 
{0x0000000706a97ab0} - klass: 'java/util/HashMap$Node'[]
 - length: 16
stack at sp + 4 slots: 0x0000027a4dbf1000 is an unknown value
stack at sp + 5 slots: 0x0000027ae0d5310c is an unknown value
stack at sp + 6 slots: 0x000000070320e8d8 is an oop: org.jetbrains.kotlin.name.FqNameUnsafe 
{0x000000070320e8d8} - klass: 'org/jetbrains/kotlin/name/FqNameUnsafe'
 - ---- fields (total size 4 words):
 - private final 'fqName' 'Ljava/lang/String;' @12  "java.lang.Deprecated"{0x0000000702aeda98} (e055db53)
 - private transient 'safe' 'Lorg/jetbrains/kotlin/name/FqName;' @16  a 'org/jetbrains/kotlin/name/FqName'{0x000000070320e8c0} (e0641d18)
 - private transient 'parent' 'Lorg/jetbrains/kotlin/name/FqNameUnsafe;' @20  a 'org/jetbrains/kotlin/name/FqNameUnsafe'{0x0000000703a3aae0} (e074755c)
 - private transient 'shortName' 'Lorg/jetbrains/kotlin/name/Name;' @24  a 'org/jetbrains/kotlin/name/Name'{0x0000000703a3aa90} (e0747552)
stack at sp + 7 slots: 0x0000000706a82f70 is an oop: org.jetbrains.kotlin.load.java.structure.impl.classFiles.BinaryJavaAnnotation 
{0x0000000706a82f70} - klass: 'org/jetbrains/kotlin/load/java/structure/impl/classFiles/BinaryJavaAnnotation'
 - ---- fields (total size 4 words):
 - private final 'isFreshlySupportedTypeUseAnnotation' 'Z' @12  false
 - private final 'context' 'Lorg/jetbrains/kotlin/load/java/structure/impl/classFiles/ClassifierResolutionContext;' @16  a 'org/jetbrains/kotlin/load/java/structure/impl/classFiles/ClassifierResolutionContext'{0x0000000706a82740} (e0d504e8)
 - private final 'arguments' 'Ljava/util/Collection;' @20  a 'java/util/ArrayList'{0x0000000706a82f58} (e0d505eb)
 - private final 'classifierResolutionResult$delegate' 'Lkotlin/Lazy;' @24  a 'kotlin/UnsafeLazyImpl'{0x0000000706a82fa8} (e0d505f5)


---------------  P R O C E S S  ---------------

Threads class SMR info:
_java_thread_list=0x0000027a63aa1ab0, length=14, elements={
0x0000027a3e3f1240, 0x0000027a5ce64260, 0x0000027a5ce65230, 0x0000027a5cb711e0,
0x0000027a5cb71da0, 0x0000027a5cb72960, 0x0000027a5cb75330, 0x0000027a5ce92730,
0x0000027a5ce94050, 0x0000027a5ce95970, 0x0000027a5d00a570, 0x0000027a5d00aea0,
0x0000027a5d4a00d0, 0x0000027a63aa20b0
}

Java Threads: ( => current thread )
=>0x0000027a3e3f1240 JavaThread "main" [_thread_in_Java, id=17292, stack(0x000000a44d300000,0x000000a44d400000)]
  0x0000027a5ce64260 JavaThread "Reference Handler" daemon [_thread_blocked, id=16456, stack(0x000000a44da00000,0x000000a44db00000)]
  0x0000027a5ce65230 JavaThread "Finalizer" daemon [_thread_blocked, id=16624, stack(0x000000a44db00000,0x000000a44dc00000)]
  0x0000027a5cb711e0 JavaThread "Signal Dispatcher" daemon [_thread_blocked, id=10912, stack(0x000000a44dc00000,0x000000a44dd00000)]
  0x0000027a5cb71da0 JavaThread "Attach Listener" daemon [_thread_blocked, id=13800, stack(0x000000a44dd00000,0x000000a44de00000)]
  0x0000027a5cb72960 JavaThread "Service Thread" daemon [_thread_blocked, id=19236, stack(0x000000a44de00000,0x000000a44df00000)]
  0x0000027a5cb75330 JavaThread "Monitor Deflation Thread" daemon [_thread_blocked, id=9624, stack(0x000000a44df00000,0x000000a44e000000)]
  0x0000027a5ce92730 JavaThread "C2 CompilerThread0" daemon [_thread_blocked, id=9900, stack(0x000000a44e000000,0x000000a44e100000)]
  0x0000027a5ce94050 JavaThread "C1 CompilerThread0" daemon [_thread_blocked, id=1712, stack(0x000000a44e100000,0x000000a44e200000)]
  0x0000027a5ce95970 JavaThread "Sweeper thread" daemon [_thread_blocked, id=5064, stack(0x000000a44e200000,0x000000a44e300000)]
  0x0000027a5d00a570 JavaThread "Notification Thread" daemon [_thread_blocked, id=7828, stack(0x000000a44e300000,0x000000a44e400000)]
  0x0000027a5d00aea0 JavaThread "Common-Cleaner" daemon [_thread_blocked, id=12684, stack(0x000000a44e500000,0x000000a44e600000)]
  0x0000027a5d4a00d0 JavaThread "C2 CompilerThread1" daemon [_thread_blocked, id=10304, stack(0x000000a44e600000,0x000000a44e700000)]
  0x0000027a63aa20b0 JavaThread "C2 CompilerThread2" daemon [_thread_blocked, id=15876, stack(0x000000a44ef00000,0x000000a44f000000)]

Other Threads:
  0x0000027a5ce50160 VMThread "VM Thread" [stack: 0x000000a44d900000,0x000000a44da00000] [id=6724]
  0x0000027a5d00aa50 WatcherThread [stack: 0x000000a44e400000,0x000000a44e500000] [id=13308]
  0x0000027a3e45e220 GCTaskThread "GC Thread#0" [stack: 0x000000a44d400000,0x000000a44d500000] [id=608]
  0x0000027a5d6af270 GCTaskThread "GC Thread#1" [stack: 0x000000a44e700000,0x000000a44e800000] [id=9224]
  0x0000027a5d708850 GCTaskThread "GC Thread#2" [stack: 0x000000a44e800000,0x000000a44e900000] [id=952]
  0x0000027a5d7525b0 GCTaskThread "GC Thread#3" [stack: 0x000000a44e900000,0x000000a44ea00000] [id=1988]
  0x0000027a5d752c70 GCTaskThread "GC Thread#4" [stack: 0x000000a44ea00000,0x000000a44eb00000] [id=15144]
  0x0000027a5d766830 GCTaskThread "GC Thread#5" [stack: 0x000000a44eb00000,0x000000a44ec00000] [id=1196]
  0x0000027a623c7460 GCTaskThread "GC Thread#6" [stack: 0x000000a44ec00000,0x000000a44ed00000] [id=8612]
  0x0000027a624d3350 GCTaskThread "GC Thread#7" [stack: 0x000000a44ed00000,0x000000a44ee00000] [id=18616]
  0x0000027a3e46ef80 ConcurrentGCThread "G1 Main Marker" [stack: 0x000000a44d500000,0x000000a44d600000] [id=18756]
  0x0000027a3e470110 ConcurrentGCThread "G1 Conc#0" [stack: 0x000000a44d600000,0x000000a44d700000] [id=7140]
  0x0000027a624d3a20 ConcurrentGCThread "G1 Conc#1" [stack: 0x000000a44ee00000,0x000000a44ef00000] [id=10652]
  0x0000027a5ca50e10 ConcurrentGCThread "G1 Refine#0" [stack: 0x000000a44d700000,0x000000a44d800000] [id=18000]
  0x0000027a62e25f90 ConcurrentGCThread "G1 Refine#1" [stack: 0x000000a44f000000,0x000000a44f100000] [id=13096]
  0x0000027a5ca51800 ConcurrentGCThread "G1 Service" [stack: 0x000000a44d800000,0x000000a44d900000] [id=10396]

Threads with active compile tasks:

VM state: not at safepoint (normal execution)

VM Mutex/Monitor currently owned by a thread: None

Heap address: 0x0000000701e00000, size: 4066 MB, Compressed Oops mode: Zero based, Oop shift amount: 3

CDS archive(s) not mapped
Compressed class space mapped at: 0x0000000800000000-0x0000000840000000, reserved size: 1073741824
Narrow klass base: 0x0000000800000000, Narrow klass shift: 0, Narrow klass range: 0x40000000

GC Precious Log:
 CPUs: 8 total, 8 available
 Memory: 16262M
 Large Page Support: Disabled
 NUMA Support: Disabled
 Compressed Oops: Enabled (Zero based)
 Heap Region Size: 2M
 Heap Min Capacity: 8M
 Heap Initial Capacity: 256M
 Heap Max Capacity: 4066M
 Pre-touch: Disabled
 Parallel Workers: 8
 Concurrent Workers: 2
 Concurrent Refinement Workers: 8
 Periodic GC: Disabled

Heap:
 garbage-first heap   total 94208K, used 56819K [0x0000000701e00000, 0x0000000800000000)
  region size 2048K, 10 young (20480K), 2 survivors (4096K)
 Metaspace       used 57292K, committed 57472K, reserved 1114112K
  class space    used 6777K, committed 6848K, reserved 1048576K

Heap Regions: E=young(eden), S=young(survivor), O=old, HS=humongous(starts), HC=humongous(continues), CS=collection set, F=free, OA=open archive, CA=closed archive, TAMS=top-at-mark-start (previous, next)
|   0|0x0000000701e00000, 0x0000000702000000, 0x0000000702000000|100%|HS|  |TAMS 0x0000000702000000, 0x0000000701e00000| Complete 
|   1|0x0000000702000000, 0x0000000702200000, 0x0000000702200000|100%|HC|  |TAMS 0x0000000702200000, 0x0000000702000000| Complete 
|   2|0x0000000702200000, 0x00000007022c5800, 0x0000000702400000| 38%| O|  |TAMS 0x00000007022c5800, 0x0000000702200000| Untracked 
|   3|0x0000000702400000, 0x0000000702600000, 0x0000000702600000|100%| O|  |TAMS 0x0000000702600000, 0x0000000702400000| Untracked 
|   4|0x0000000702600000, 0x0000000702800000, 0x0000000702800000|100%| O|  |TAMS 0x0000000702800000, 0x0000000702600000| Untracked 
|   5|0x0000000702800000, 0x0000000702a00000, 0x0000000702a00000|100%| O|  |TAMS 0x0000000702a00000, 0x0000000702800000| Untracked 
|   6|0x0000000702a00000, 0x0000000702c00000, 0x0000000702c00000|100%| O|  |TAMS 0x0000000702c00000, 0x0000000702a00000| Untracked 
|   7|0x0000000702c00000, 0x0000000702e00000, 0x0000000702e00000|100%| O|  |TAMS 0x0000000702e00000, 0x0000000702c00000| Untracked 
|   8|0x0000000702e00000, 0x0000000703000000, 0x0000000703000000|100%| O|  |TAMS 0x0000000703000000, 0x0000000702e00000| Untracked 
|   9|0x0000000703000000, 0x0000000703200000, 0x0000000703200000|100%|HS|  |TAMS 0x0000000703200000, 0x0000000703000000| Complete 
|  10|0x0000000703200000, 0x0000000703400000, 0x0000000703400000|100%| O|  |TAMS 0x0000000703400000, 0x0000000703200000| Untracked 
|  11|0x0000000703400000, 0x0000000703600000, 0x0000000703600000|100%| O|  |TAMS 0x0000000703600000, 0x0000000703400000| Untracked 
|  12|0x0000000703600000, 0x0000000703800000, 0x0000000703800000|100%| O|  |TAMS 0x0000000703800000, 0x0000000703600000| Untracked 
|  13|0x0000000703800000, 0x0000000703a00000, 0x0000000703a00000|100%| O|  |TAMS 0x0000000703a00000, 0x0000000703800000| Untracked 
|  14|0x0000000703a00000, 0x0000000703c00000, 0x0000000703c00000|100%| O|  |TAMS 0x0000000703c00000, 0x0000000703a00000| Untracked 
|  15|0x0000000703c00000, 0x0000000703e00000, 0x0000000703e00000|100%| O|  |TAMS 0x0000000703e00000, 0x0000000703c00000| Untracked 
|  16|0x0000000703e00000, 0x0000000704000000, 0x0000000704000000|100%| O|  |TAMS 0x0000000704000000, 0x0000000703e00000| Untracked 
|  17|0x0000000704000000, 0x0000000704200000, 0x0000000704200000|100%| O|  |TAMS 0x0000000704200000, 0x0000000704000000| Untracked 
|  18|0x0000000704200000, 0x0000000704400000, 0x0000000704400000|100%| O|  |TAMS 0x0000000704400000, 0x0000000704200000| Untracked 
|  19|0x0000000704400000, 0x0000000704600000, 0x0000000704600000|100%| O|  |TAMS 0x0000000704600000, 0x0000000704400000| Untracked 
|  20|0x0000000704600000, 0x00000007046b7600, 0x0000000704800000| 35%| O|  |TAMS 0x00000007046b7600, 0x0000000704600000| Untracked 
|  21|0x0000000704800000, 0x0000000704800000, 0x0000000704a00000|  0%| F|  |TAMS 0x0000000704800000, 0x0000000704800000| Untracked 
|  22|0x0000000704a00000, 0x0000000704a00000, 0x0000000704c00000|  0%| F|  |TAMS 0x0000000704a00000, 0x0000000704a00000| Untracked 
|  23|0x0000000704c00000, 0x0000000704c00000, 0x0000000704e00000|  0%| F|  |TAMS 0x0000000704c00000, 0x0000000704c00000| Untracked 
|  24|0x0000000704e00000, 0x0000000704e00000, 0x0000000705000000|  0%| F|  |TAMS 0x0000000704e00000, 0x0000000704e00000| Untracked 
|  25|0x0000000705000000, 0x0000000705000000, 0x0000000705200000|  0%| F|  |TAMS 0x0000000705000000, 0x0000000705000000| Untracked 
|  26|0x0000000705200000, 0x0000000705200000, 0x0000000705400000|  0%| F|  |TAMS 0x0000000705200000, 0x0000000705200000| Untracked 
|  27|0x0000000705400000, 0x0000000705400000, 0x0000000705600000|  0%| F|  |TAMS 0x0000000705400000, 0x0000000705400000| Untracked 
|  28|0x0000000705600000, 0x0000000705600000, 0x0000000705800000|  0%| F|  |TAMS 0x0000000705600000, 0x0000000705600000| Untracked 
|  29|0x0000000705800000, 0x0000000705800000, 0x0000000705a00000|  0%| F|  |TAMS 0x0000000705800000, 0x0000000705800000| Untracked 
|  30|0x0000000705a00000, 0x0000000705c00000, 0x0000000705c00000|100%| S|CS|TAMS 0x0000000705a00000, 0x0000000705a00000| Complete 
|  31|0x0000000705c00000, 0x0000000705e00000, 0x0000000705e00000|100%| S|CS|TAMS 0x0000000705c00000, 0x0000000705c00000| Complete 
|  32|0x0000000705e00000, 0x0000000705e00000, 0x0000000706000000|  0%| F|  |TAMS 0x0000000705e00000, 0x0000000705e00000| Untracked 
|  33|0x0000000706000000, 0x0000000706000000, 0x0000000706200000|  0%| F|  |TAMS 0x0000000706000000, 0x0000000706000000| Untracked 
|  34|0x0000000706200000, 0x0000000706200000, 0x0000000706400000|  0%| F|  |TAMS 0x0000000706200000, 0x0000000706200000| Untracked 
|  35|0x0000000706400000, 0x0000000706400000, 0x0000000706600000|  0%| F|  |TAMS 0x0000000706400000, 0x0000000706400000| Untracked 
|  36|0x0000000706600000, 0x0000000706600000, 0x0000000706800000|  0%| F|  |TAMS 0x0000000706600000, 0x0000000706600000| Untracked 
|  37|0x0000000706800000, 0x0000000706800000, 0x0000000706a00000|  0%| F|  |TAMS 0x0000000706800000, 0x0000000706800000| Untracked 
|  38|0x0000000706a00000, 0x0000000706af54c8, 0x0000000706c00000| 47%| E|  |TAMS 0x0000000706a00000, 0x0000000706a00000| Complete 
|  39|0x0000000706c00000, 0x0000000706e00000, 0x0000000706e00000|100%| E|CS|TAMS 0x0000000706c00000, 0x0000000706c00000| Complete 
|  40|0x0000000706e00000, 0x0000000707000000, 0x0000000707000000|100%| E|  |TAMS 0x0000000706e00000, 0x0000000706e00000| Complete 
|  41|0x0000000707000000, 0x0000000707200000, 0x0000000707200000|100%| E|CS|TAMS 0x0000000707000000, 0x0000000707000000| Complete 
|  42|0x0000000707200000, 0x0000000707400000, 0x0000000707400000|100%| E|CS|TAMS 0x0000000707200000, 0x0000000707200000| Complete 
|  43|0x0000000707400000, 0x0000000707600000, 0x0000000707600000|100%| E|CS|TAMS 0x0000000707400000, 0x0000000707400000| Complete 
| 107|0x000000070f400000, 0x000000070f600000, 0x000000070f600000|100%| E|CS|TAMS 0x000000070f400000, 0x000000070f400000| Complete 
| 127|0x0000000711c00000, 0x0000000711e00000, 0x0000000711e00000|100%| E|CS|TAMS 0x0000000711c00000, 0x0000000711c00000| Complete 

Card table byte_map: [0x0000027a51400000,0x0000027a51c00000] _byte_map_base: 0x0000027a4dbf1000

Marking Bits (Prev, Next): (CMBitMap*) 0x0000027a3e45e840, (CMBitMap*) 0x0000027a3e45e880
 Prev Bits: [0x0000027a52400000, 0x0000027a56388000)
 Next Bits: [0x0000027a56390000, 0x0000027a5a318000)

Polling page: 0x0000027a3dbb0000

Metaspace:

Usage:
  Non-class:     49.33 MB used.
      Class:      6.62 MB used.
       Both:     55.95 MB used.

Virtual space:
  Non-class space:       64.00 MB reserved,      49.44 MB ( 77%) committed,  1 nodes.
      Class space:        1.00 GB reserved,       6.69 MB ( <1%) committed,  1 nodes.
             Both:        1.06 GB reserved,      56.12 MB (  5%) committed. 

Chunk freelists:
   Non-Class:  14.25 MB
       Class:  9.25 MB
        Both:  23.50 MB

MaxMetaspaceSize: unlimited
CompressedClassSpaceSize: 1.00 GB
Initial GC threshold: 21.00 MB
Current GC threshold: 92.12 MB
CDS: off
MetaspaceReclaimPolicy: balanced
 - commit_granule_bytes: 65536.
 - commit_granule_words: 8192.
 - virtual_space_node_default_size: 8388608.
 - enlarge_chunks_in_place: 1.
 - new_chunks_are_fully_committed: 0.
 - uncommit_free_chunks: 1.
 - use_allocation_guard: 0.
 - handle_deallocations: 1.


Internal statistics:

num_allocs_failed_limit: 6.
num_arena_births: 222.
num_arena_deaths: 0.
num_vsnodes_births: 2.
num_vsnodes_deaths: 0.
num_space_committed: 896.
num_space_uncommitted: 0.
num_chunks_returned_to_freelist: 6.
num_chunks_taken_from_freelist: 1922.
num_chunk_merges: 6.
num_chunk_splits: 1606.
num_chunks_enlarged: 1459.
num_inconsistent_stats: 0.

CodeHeap 'non-profiled nmethods': size=120000Kb used=3081Kb max_used=3081Kb free=116918Kb
 bounds [0x0000027a493a0000, 0x0000027a496b0000, 0x0000027a508d0000]
CodeHeap 'profiled nmethods': size=120000Kb used=13692Kb max_used=13692Kb free=106307Kb
 bounds [0x0000027a418d0000, 0x0000027a42640000, 0x0000027a48e00000]
CodeHeap 'non-nmethods': size=5760Kb used=1290Kb max_used=1381Kb free=4469Kb
 bounds [0x0000027a48e00000, 0x0000027a49070000, 0x0000027a493a0000]
 total_blobs=6417 nmethods=5815 adapters=512
 compilation: enabled
              stopped_count=0, restarted_count=0
 full_count=0

Compilation events (20 events):
Event: 7.198 Thread 0x0000027a5ce94050 nmethod 6709 0x0000027a42628810 code [0x0000027a426289c0, 0x0000027a42628be8]
Event: 7.198 Thread 0x0000027a5ce94050 6710       1       java.util.Formatter$FormatSpecifier::index (5 bytes)
Event: 7.198 Thread 0x0000027a5ce94050 nmethod 6710 0x0000027a4969ad90 code [0x0000027a4969af20, 0x0000027a4969aff8]
Event: 7.198 Thread 0x0000027a5ce94050 6691       1       org.jetbrains.kotlin.resolve.calls.model.SingleCallResolutionResult::getResultCallAtom (5 bytes)
Event: 7.198 Thread 0x0000027a63aa20b0 nmethod 6621 0x0000027a4969b090 code [0x0000027a4969b220, 0x0000027a4969b318]
Event: 7.198 Thread 0x0000027a5ce94050 nmethod 6691 0x0000027a4969b410 code [0x0000027a4969b5a0, 0x0000027a4969b678]
Event: 7.198 Thread 0x0000027a63aa20b0 6711       4       org.jetbrains.kotlin.name.ClassId::getRelativeClassName (14 bytes)
Event: 7.198 Thread 0x0000027a5ce94050 6692       1       org.jetbrains.kotlin.resolve.calls.model.CallResolutionResult::getConstraintSystem (5 bytes)
Event: 7.199 Thread 0x0000027a5ce94050 nmethod 6692 0x0000027a4969b710 code [0x0000027a4969b8a0, 0x0000027a4969b978]
Event: 7.199 Thread 0x0000027a5ce94050 6693       1       org.jetbrains.kotlin.resolve.calls.model.MutableResolvedCallAtom::getContextReceiversArguments (5 bytes)
Event: 7.199 Thread 0x0000027a5ce94050 nmethod 6693 0x0000027a4969ba10 code [0x0000027a4969bba0, 0x0000027a4969bc78]
Event: 7.199 Thread 0x0000027a5ce94050 6695       1       org.jetbrains.kotlin.resolve.calls.tower.AbstractInvokeTowerProcessor::getVariableProcessor (5 bytes)
Event: 7.199 Thread 0x0000027a5ce94050 nmethod 6695 0x0000027a4969bd10 code [0x0000027a4969bea0, 0x0000027a4969bf78]
Event: 7.199 Thread 0x0000027a5ce94050 6690       1       org.jetbrains.kotlin.resolve.calls.tower.NewResolvedCallImpl::getLanguageVersionSettings (5 bytes)
Event: 7.199 Thread 0x0000027a5ce94050 nmethod 6690 0x0000027a4969c010 code [0x0000027a4969c1a0, 0x0000027a4969c278]
Event: 7.199 Thread 0x0000027a5ce94050 6694       1       org.jetbrains.kotlin.resolve.calls.tower.NewResolvedCallImpl::getSmartCastDispatchReceiverType (5 bytes)
Event: 7.199 Thread 0x0000027a63aa20b0 nmethod 6711 0x0000027a4969c310 code [0x0000027a4969c480, 0x0000027a4969c518]
Event: 7.199 Thread 0x0000027a5ce94050 nmethod 6694 0x0000027a4969c610 code [0x0000027a4969c7a0, 0x0000027a4969c878]
Event: 7.199 Thread 0x0000027a63aa20b0 6697       4       org.jetbrains.kotlin.types.TypeSubstitutor::create (17 bytes)
Event: 7.200 Thread 0x0000027a5ce94050 6715   !   3       org.jetbrains.kotlin.cli.jvm.index.JvmDependenciesDynamicCompoundIndex::traverseDirectoriesInPackage (130 bytes)

GC Heap History (20 events):
Event: 2.346 GC heap before
{Heap before GC invocations=5 (full 0):
 garbage-first heap   total 40960K, used 28286K [0x0000000701e00000, 0x0000000800000000)
  region size 2048K, 8 young (16384K), 2 survivors (4096K)
 Metaspace       used 33075K, committed 33280K, reserved 1114112K
  class space    used 4235K, committed 4352K, reserved 1048576K
}
Event: 2.355 GC heap after
{Heap after GC invocations=6 (full 0):
 garbage-first heap   total 40960K, used 17546K [0x0000000701e00000, 0x0000000800000000)
  region size 2048K, 1 young (2048K), 1 survivors (2048K)
 Metaspace       used 33075K, committed 33280K, reserved 1114112K
  class space    used 4235K, committed 4352K, reserved 1048576K
}
Event: 2.552 GC heap before
{Heap before GC invocations=6 (full 0):
 garbage-first heap   total 40960K, used 29834K [0x0000000701e00000, 0x0000000800000000)
  region size 2048K, 7 young (14336K), 1 survivors (2048K)
 Metaspace       used 35324K, committed 35520K, reserved 1114112K
  class space    used 4498K, committed 4608K, reserved 1048576K
}
Event: 2.556 GC heap after
{Heap after GC invocations=7 (full 0):
 garbage-first heap   total 40960K, used 17151K [0x0000000701e00000, 0x0000000800000000)
  region size 2048K, 1 young (2048K), 1 survivors (2048K)
 Metaspace       used 35324K, committed 35520K, reserved 1114112K
  class space    used 4498K, committed 4608K, reserved 1048576K
}
Event: 2.597 GC heap before
{Heap before GC invocations=7 (full 0):
 garbage-first heap   total 40960K, used 19199K [0x0000000701e00000, 0x0000000800000000)
  region size 2048K, 3 young (6144K), 1 survivors (2048K)
 Metaspace       used 35750K, committed 35968K, reserved 1114112K
  class space    used 4537K, committed 4672K, reserved 1048576K
}
Event: 2.601 GC heap after
{Heap after GC invocations=8 (full 0):
 garbage-first heap   total 151552K, used 17749K [0x0000000701e00000, 0x0000000800000000)
  region size 2048K, 1 young (2048K), 1 survivors (2048K)
 Metaspace       used 35750K, committed 35968K, reserved 1114112K
  class space    used 4537K, committed 4672K, reserved 1048576K
}
Event: 3.474 GC heap before
{Heap before GC invocations=9 (full 0):
 garbage-first heap   total 75776K, used 60757K [0x0000000701e00000, 0x0000000800000000)
  region size 2048K, 22 young (45056K), 1 survivors (2048K)
 Metaspace       used 45780K, committed 46016K, reserved 1114112K
  class space    used 5618K, committed 5760K, reserved 1048576K
}
Event: 3.483 GC heap after
{Heap after GC invocations=10 (full 0):
 garbage-first heap   total 75776K, used 23318K [0x0000000701e00000, 0x0000000800000000)
  region size 2048K, 2 young (4096K), 2 survivors (4096K)
 Metaspace       used 45780K, committed 46016K, reserved 1114112K
  class space    used 5618K, committed 5760K, reserved 1048576K
}
Event: 4.010 GC heap before
{Heap before GC invocations=10 (full 0):
 garbage-first heap   total 75776K, used 51990K [0x0000000701e00000, 0x0000000800000000)
  region size 2048K, 17 young (34816K), 2 survivors (4096K)
 Metaspace       used 48154K, committed 48384K, reserved 1114112K
  class space    used 5883K, committed 5952K, reserved 1048576K
}
Event: 4.026 GC heap after
{Heap after GC invocations=11 (full 0):
 garbage-first heap   total 75776K, used 30125K [0x0000000701e00000, 0x0000000800000000)
  region size 2048K, 3 young (6144K), 3 survivors (6144K)
 Metaspace       used 48154K, committed 48384K, reserved 1114112K
  class space    used 5883K, committed 5952K, reserved 1048576K
}
Event: 4.456 GC heap before
{Heap before GC invocations=11 (full 0):
 garbage-first heap   total 75776K, used 52653K [0x0000000701e00000, 0x0000000800000000)
  region size 2048K, 14 young (28672K), 3 survivors (6144K)
 Metaspace       used 49656K, committed 49856K, reserved 1114112K
  class space    used 6003K, committed 6080K, reserved 1048576K
}
Event: 4.468 GC heap after
{Heap after GC invocations=12 (full 0):
 garbage-first heap   total 75776K, used 32117K [0x0000000701e00000, 0x0000000800000000)
  region size 2048K, 2 young (4096K), 2 survivors (4096K)
 Metaspace       used 49656K, committed 49856K, reserved 1114112K
  class space    used 6003K, committed 6080K, reserved 1048576K
}
Event: 5.116 GC heap before
{Heap before GC invocations=12 (full 0):
 garbage-first heap   total 75776K, used 54645K [0x0000000701e00000, 0x0000000800000000)
  region size 2048K, 13 young (26624K), 2 survivors (4096K)
 Metaspace       used 50711K, committed 50944K, reserved 1114112K
  class space    used 6053K, committed 6144K, reserved 1048576K
}
Event: 5.136 GC heap after
{Heap after GC invocations=13 (full 0):
 garbage-first heap   total 75776K, used 36076K [0x0000000701e00000, 0x0000000800000000)
  region size 2048K, 2 young (4096K), 2 survivors (4096K)
 Metaspace       used 50711K, committed 50944K, reserved 1114112K
  class space    used 6053K, committed 6144K, reserved 1048576K
}
Event: 5.460 GC heap before
{Heap before GC invocations=13 (full 0):
 garbage-first heap   total 75776K, used 54508K [0x0000000701e00000, 0x0000000800000000)
  region size 2048K, 11 young (22528K), 2 survivors (4096K)
 Metaspace       used 51047K, committed 51264K, reserved 1114112K
  class space    used 6066K, committed 6144K, reserved 1048576K
}
Event: 5.475 GC heap after
{Heap after GC invocations=14 (full 0):
 garbage-first heap   total 94208K, used 40400K [0x0000000701e00000, 0x0000000800000000)
  region size 2048K, 2 young (4096K), 2 survivors (4096K)
 Metaspace       used 51047K, committed 51264K, reserved 1114112K
  class space    used 6066K, committed 6144K, reserved 1048576K
}
Event: 5.867 GC heap before
{Heap before GC invocations=15 (full 0):
 garbage-first heap   total 94208K, used 67024K [0x0000000701e00000, 0x0000000800000000)
  region size 2048K, 15 young (30720K), 2 survivors (4096K)
 Metaspace       used 52974K, committed 53184K, reserved 1114112K
  class space    used 6297K, committed 6400K, reserved 1048576K
}
Event: 5.878 GC heap after
{Heap after GC invocations=16 (full 0):
 garbage-first heap   total 94208K, used 41960K [0x0000000701e00000, 0x0000000800000000)
  region size 2048K, 1 young (2048K), 1 survivors (2048K)
 Metaspace       used 52974K, committed 53184K, reserved 1114112K
  class space    used 6297K, committed 6400K, reserved 1048576K
}
Event: 6.630 GC heap before
{Heap before GC invocations=16 (full 0):
 garbage-first heap   total 94208K, used 68584K [0x0000000701e00000, 0x0000000800000000)
  region size 2048K, 14 young (28672K), 1 survivors (2048K)
 Metaspace       used 56115K, committed 56384K, reserved 1114112K
  class space    used 6664K, committed 6784K, reserved 1048576K
}
Event: 6.640 GC heap after
{Heap after GC invocations=17 (full 0):
 garbage-first heap   total 94208K, used 44531K [0x0000000701e00000, 0x0000000800000000)
  region size 2048K, 2 young (4096K), 2 survivors (4096K)
 Metaspace       used 56115K, committed 56384K, reserved 1114112K
  class space    used 6664K, committed 6784K, reserved 1048576K
}

Dll operation events (2 events):
Event: 0.011 Loaded shared library C:\Program Files\Android\Android Studio\jbr\bin\java.dll
Event: 1.607 Loaded shared library C:\Program Files\Android\Android Studio\jbr\bin\verify.dll

Deoptimization events (20 events):
Event: 6.830 Thread 0x0000027a3e3f1240 DEOPT PACKING pc=0x0000027a494e7720 sp=0x000000a44d3fb570
Event: 6.830 Thread 0x0000027a3e3f1240 DEOPT UNPACKING pc=0x0000027a48e569a3 sp=0x000000a44d3fb2a0 mode 2
Event: 6.830 Thread 0x0000027a3e3f1240 Uncommon trap: trap_request=0xffffff66 fr.pc=0x0000027a494e774c relative=0x000000000000020c
Event: 6.830 Thread 0x0000027a3e3f1240 Uncommon trap: reason=speculate_class_check action=maybe_recompile pc=0x0000027a494e774c method=org.jetbrains.kotlin.types.checker.ClassicTypeSystemContext$DefaultImpls.asSimpleType(Lorg/jetbrains/kotlin/types/checker/ClassicTypeSystemContext;Lorg/jetbrai
Event: 6.830 Thread 0x0000027a3e3f1240 DEOPT PACKING pc=0x0000027a494e774c sp=0x000000a44d3fb520
Event: 6.830 Thread 0x0000027a3e3f1240 DEOPT UNPACKING pc=0x0000027a48e569a3 sp=0x000000a44d3fb250 mode 2
Event: 6.967 Thread 0x0000027a3e3f1240 Uncommon trap: trap_request=0xfffffff4 fr.pc=0x0000027a494e2648 relative=0x0000000000000348
Event: 6.967 Thread 0x0000027a3e3f1240 Uncommon trap: reason=null_check action=make_not_entrant pc=0x0000027a494e2648 method=org.jetbrains.kotlin.types.KotlinType.equals(Ljava/lang/Object;)Z @ 8 c2
Event: 6.967 Thread 0x0000027a3e3f1240 DEOPT PACKING pc=0x0000027a494e2648 sp=0x000000a44d3fab40
Event: 6.967 Thread 0x0000027a3e3f1240 DEOPT UNPACKING pc=0x0000027a48e569a3 sp=0x000000a44d3faae0 mode 2
Event: 6.991 Thread 0x0000027a3e3f1240 DEOPT PACKING pc=0x0000027a41d50965 sp=0x000000a44d3f9580
Event: 6.991 Thread 0x0000027a3e3f1240 DEOPT UNPACKING pc=0x0000027a48e57143 sp=0x000000a44d3f89d0 mode 0
Event: 7.065 Thread 0x0000027a3e3f1240 Uncommon trap: trap_request=0xffffff6e fr.pc=0x0000027a49625458 relative=0x00000000000004f8
Event: 7.065 Thread 0x0000027a3e3f1240 Uncommon trap: reason=loop_limit_check action=maybe_recompile pc=0x0000027a49625458 method=java.util.regex.Pattern$Start.match(Ljava/util/regex/Matcher;ILjava/lang/CharSequence;)Z @ 34 c2
Event: 7.065 Thread 0x0000027a3e3f1240 DEOPT PACKING pc=0x0000027a49625458 sp=0x000000a44d3f8fc0
Event: 7.065 Thread 0x0000027a3e3f1240 DEOPT UNPACKING pc=0x0000027a48e569a3 sp=0x000000a44d3f8f10 mode 2
Event: 7.109 Thread 0x0000027a3e3f1240 Uncommon trap: trap_request=0xffffff45 fr.pc=0x0000027a4965b7bc relative=0x0000000000000dfc
Event: 7.109 Thread 0x0000027a3e3f1240 Uncommon trap: reason=unstable_if action=reinterpret pc=0x0000027a4965b7bc method=gnu.trove.TObjectHash.index(Ljava/lang/Object;)I @ 9 c2
Event: 7.109 Thread 0x0000027a3e3f1240 DEOPT PACKING pc=0x0000027a4965b7bc sp=0x000000a44d3fb440
Event: 7.109 Thread 0x0000027a3e3f1240 DEOPT UNPACKING pc=0x0000027a48e569a3 sp=0x000000a44d3fb3c8 mode 2

Classes unloaded (0 events):
No events

Classes redefined (0 events):
No events

Internal exceptions (20 events):
Event: 2.235 Thread 0x0000027a3e3f1240 Implicit null exception at 0x0000027a493b9172 to 0x0000027a493b97cc
Event: 2.356 Thread 0x0000027a3e3f1240 Implicit null exception at 0x0000027a493baaf2 to 0x0000027a493bb16c
Event: 2.402 Thread 0x0000027a3e3f1240 Exception <a 'java/lang/NoSuchMethodError'{0x000000070f6df1b8}: 'java.lang.Object java.lang.invoke.DirectMethodHandle$Holder.invokeVirtual(java.lang.Object, java.lang.Object, java.lang.Object)'> (0x000000070f6df1b8) 
thrown [s\src\hotspot\share\interpreter\linkResolver.cpp, line 771]
Event: 3.094 Thread 0x0000027a3e3f1240 Exception <a 'java/lang/NoSuchMethodError'{0x000000070462a6a0}: 'java.lang.Object java.lang.invoke.DirectMethodHandle$Holder.newInvokeSpecial(java.lang.Object, java.lang.Object, int)'> (0x000000070462a6a0) 
thrown [s\src\hotspot\share\interpreter\linkResolver.cpp, line 771]
Event: 3.178 Thread 0x0000027a3e3f1240 Exception <a 'java/lang/NoSuchMethodError'{0x00000007044253e8}: 'java.lang.Object java.lang.invoke.DirectMethodHandle$Holder.newInvokeSpecial(java.lang.Object, java.lang.Object, java.lang.Object, int)'> (0x00000007044253e8) 
thrown [s\src\hotspot\share\interpreter\linkResolver.cpp, line 771]
Event: 3.179 Thread 0x0000027a3e3f1240 Exception <a 'java/lang/NoSuchMethodError'{0x0000000704429a70}: 'java.lang.Object java.lang.invoke.DirectMethodHandle$Holder.invokeSpecial(java.lang.Object, java.lang.Object, java.lang.Object, java.lang.Object, int)'> (0x0000000704429a70) 
thrown [s\src\hotspot\share\interpreter\linkResolver.cpp, line 771]
Event: 3.179 Thread 0x0000027a3e3f1240 Exception <a 'java/lang/NoSuchMethodError'{0x000000070442d8e0}: 'java.lang.Object java.lang.invoke.Invokers$Holder.linkToTargetMethod(java.lang.Object, java.lang.Object, int, java.lang.Object)'> (0x000000070442d8e0) 
thrown [s\src\hotspot\share\interpreter\linkResolver.cpp, line 771]
Event: 4.188 Thread 0x0000027a3e3f1240 Exception <a 'java/lang/NoSuchMethodError'{0x0000000705953db8}: 'java.lang.Object java.lang.invoke.DirectMethodHandle$Holder.newInvokeSpecial(java.lang.Object, int, java.lang.Object)'> (0x0000000705953db8) 
thrown [s\src\hotspot\share\interpreter\linkResolver.cpp, line 771]
Event: 4.191 Thread 0x0000027a3e3f1240 Exception <a 'java/lang/NoSuchMethodError'{0x000000070595a170}: 'int java.lang.invoke.DirectMethodHandle$Holder.invokeInterface(java.lang.Object, java.lang.Object)'> (0x000000070595a170) 
thrown [s\src\hotspot\share\interpreter\linkResolver.cpp, line 771]
Event: 4.331 Thread 0x0000027a3e3f1240 Exception <a 'java/lang/NoSuchMethodError'{0x00000007054dad98}: 'java.lang.Object java.lang.invoke.DirectMethodHandle$Holder.invokeStaticInit(java.lang.Object, java.lang.Object, java.lang.Object)'> (0x00000007054dad98) 
thrown [s\src\hotspot\share\interpreter\linkResolver.cpp, line 771]
Event: 4.447 Thread 0x0000027a3e3f1240 Exception <a 'java/lang/NoSuchMethodError'{0x0000000705399ca0}: 'java.lang.Object java.lang.invoke.DirectMethodHandle$Holder.newInvokeSpecial(java.lang.Object, java.lang.Object, java.lang.Object, java.lang.Object, java.lang.Object, java.lang.Object)'> (0x0000000705399ca0) 
thrown [s\src\hotspot\share\interpreter\linkResolver.cpp, line 771]
Event: 5.237 Thread 0x0000027a3e3f1240 Implicit null exception at 0x0000027a493efe0f to 0x0000027a493f00a8
Event: 5.237 Thread 0x0000027a3e3f1240 Implicit null exception at 0x0000027a493ff70f to 0x0000027a493ff789
Event: 5.771 Thread 0x0000027a3e3f1240 Exception <a 'java/lang/NoSuchMethodError'{0x000000070651d148}: 'int java.lang.invoke.DirectMethodHandle$Holder.invokeStaticInit(java.lang.Object, int)'> (0x000000070651d148) 
thrown [s\src\hotspot\share\interpreter\linkResolver.cpp, line 771]
Event: 6.229 Thread 0x0000027a3e3f1240 Implicit null exception at 0x0000027a494c6ecc to 0x0000027a494c6fd4
Event: 6.584 Thread 0x0000027a3e3f1240 Exception <a 'java/lang/NoSuchMethodError'{0x000000070612be48}: 'java.lang.Object java.lang.invoke.DirectMethodHandle$Holder.invokeInterface(java.lang.Object, java.lang.Object, java.lang.Object)'> (0x000000070612be48) 
thrown [s\src\hotspot\share\interpreter\linkResolver.cpp, line 771]
Event: 6.585 Thread 0x0000027a3e3f1240 Exception <a 'java/lang/IncompatibleClassChangeError'{0x000000070612f7b8}: Found class java.lang.Object, but interface was expected> (0x000000070612f7b8) 
thrown [s\src\hotspot\share\interpreter\linkResolver.cpp, line 838]
Event: 6.748 Thread 0x0000027a3e3f1240 Exception <a 'java/lang/NoSuchMethodError'{0x000000070f46dcb0}: 'java.lang.Object java.lang.invoke.DirectMethodHandle$Holder.newInvokeSpecial(java.lang.Object, java.lang.Object, java.lang.Object, java.lang.Object, java.lang.Object, java.lang.Object, java.lang.Object)'> (0x000000070f46dcb0) 
thrown [s\src\hotspot\share\interpreter\linkResolver.cpp, line 771]
Event: 6.749 Thread 0x0000027a3e3f1240 Exception <a 'java/lang/NoSuchMethodError'{0x000000070f472430}: 'java.lang.Object java.lang.invoke.Invokers$Holder.linkToTargetMethod(java.lang.Object, java.lang.Object, java.lang.Object, java.lang.Object, java.lang.Object, java.lang.Object, java.lang.Object)'> (0x000000070f472430) 
thrown [s\src\hotspot\share\interpreter\linkResolver.cpp, line 771]
Event: 6.967 Thread 0x0000027a3e3f1240 Implicit null exception at 0x0000027a494e2340 to 0x0000027a494e2638

VM Operations (20 events):
Event: 6.372 Executing VM operation: ICBufferFull
Event: 6.372 Executing VM operation: ICBufferFull done
Event: 6.574 Executing VM operation: HandshakeAllThreads
Event: 6.574 Executing VM operation: HandshakeAllThreads done
Event: 6.595 Executing VM operation: ICBufferFull
Event: 6.595 Executing VM operation: ICBufferFull done
Event: 6.604 Executing VM operation: HandshakeAllThreads
Event: 6.604 Executing VM operation: HandshakeAllThreads done
Event: 6.629 Executing VM operation: G1CollectForAllocation
Event: 6.640 Executing VM operation: G1CollectForAllocation done
Event: 6.679 Executing VM operation: HandshakeAllThreads
Event: 6.679 Executing VM operation: HandshakeAllThreads done
Event: 6.695 Executing VM operation: G1PauseRemark
Event: 6.702 Executing VM operation: G1PauseRemark done
Event: 6.728 Executing VM operation: G1PauseCleanup
Event: 6.729 Executing VM operation: G1PauseCleanup done
Event: 6.952 Executing VM operation: ICBufferFull
Event: 6.952 Executing VM operation: ICBufferFull done
Event: 7.111 Executing VM operation: ICBufferFull
Event: 7.112 Executing VM operation: ICBufferFull done

Events (20 events):
Event: 6.323 Thread 0x0000027a5ce95970 flushing nmethod 0x0000027a422fdd10
Event: 6.323 Thread 0x0000027a5ce95970 flushing nmethod 0x0000027a4234cf10
Event: 6.324 Thread 0x0000027a5ce95970 flushing nmethod 0x0000027a42374d90
Event: 6.324 Thread 0x0000027a5ce95970 flushing nmethod 0x0000027a4237ba10
Event: 6.324 Thread 0x0000027a5ce95970 flushing nmethod 0x0000027a42382710
Event: 6.324 Thread 0x0000027a5ce95970 flushing nmethod 0x0000027a423ba010
Event: 6.325 Thread 0x0000027a5ce95970 flushing nmethod 0x0000027a42432490
Event: 6.325 Thread 0x0000027a5ce95970 flushing nmethod 0x0000027a4243aa10
Event: 6.325 Thread 0x0000027a5ce95970 flushing nmethod 0x0000027a42451b10
Event: 6.325 Thread 0x0000027a5ce95970 flushing nmethod 0x0000027a4245ae10
Event: 6.325 Thread 0x0000027a5ce95970 flushing nmethod 0x0000027a42463f90
Event: 6.325 Thread 0x0000027a5ce95970 flushing nmethod 0x0000027a42468310
Event: 6.325 Thread 0x0000027a5ce95970 flushing nmethod 0x0000027a42470310
Event: 6.325 Thread 0x0000027a5ce95970 flushing nmethod 0x0000027a42476490
Event: 6.325 Thread 0x0000027a5ce95970 flushing nmethod 0x0000027a4249c710
Event: 6.325 Thread 0x0000027a5ce95970 flushing nmethod 0x0000027a4249da10
Event: 6.325 Thread 0x0000027a5ce95970 flushing nmethod 0x0000027a424a2d90
Event: 6.325 Thread 0x0000027a5ce95970 flushing nmethod 0x0000027a424e2590
Event: 6.325 Thread 0x0000027a5ce95970 flushing nmethod 0x0000027a424ec090
Event: 6.326 Thread 0x0000027a5ce95970 flushing nmethod 0x0000027a4253bd90


Dynamic libraries:
0x00007ff6e9fb0000 - 0x00007ff6e9fba000 	C:\Program Files\Android\Android Studio\jbr\bin\java.exe
0x00007ffacbc30000 - 0x00007ffacbe44000 	C:\Windows\SYSTEM32\ntdll.dll
0x00007ffac9cb0000 - 0x00007ffac9d72000 	C:\Windows\System32\KERNEL32.DLL
0x00007ffac95e0000 - 0x00007ffac9983000 	C:\Windows\System32\KERNELBASE.dll
0x00007ffac9050000 - 0x00007ffac9161000 	C:\Windows\System32\ucrtbase.dll
0x00007ffa7aaf0000 - 0x00007ffa7ab0b000 	C:\Program Files\Android\Android Studio\jbr\bin\VCRUNTIME140.dll
0x00007ffa930d0000 - 0x00007ffa930e7000 	C:\Program Files\Android\Android Studio\jbr\bin\jli.dll
0x00007ffacba40000 - 0x00007ffacbbeb000 	C:\Windows\System32\USER32.dll
0x00007ffac9170000 - 0x00007ffac9196000 	C:\Windows\System32\win32u.dll
0x00007ffac9e40000 - 0x00007ffac9e69000 	C:\Windows\System32\GDI32.dll
0x00007ffabe1c0000 - 0x00007ffabe44e000 	C:\Windows\WinSxS\amd64_microsoft.windows.common-controls_6595b64144ccf1df_6.0.22621.1635_none_270f70857386168e\COMCTL32.dll
0x00007ffac9380000 - 0x00007ffac9498000 	C:\Windows\System32\gdi32full.dll
0x00007ffaca930000 - 0x00007ffaca9d7000 	C:\Windows\System32\msvcrt.dll
0x00007ffac9990000 - 0x00007ffac9a2a000 	C:\Windows\System32\msvcp_win.dll
0x00007ffacb0a0000 - 0x00007ffacb0d1000 	C:\Windows\System32\IMM32.DLL
0x00007ffa9f6d0000 - 0x00007ffa9f6dc000 	C:\Program Files\Android\Android Studio\jbr\bin\vcruntime140_1.dll
0x00007ffa6fbc0000 - 0x00007ffa6fc4d000 	C:\Program Files\Android\Android Studio\jbr\bin\msvcp140.dll
0x00007ffa79be0000 - 0x00007ffa7a863000 	C:\Program Files\Android\Android Studio\jbr\bin\server\jvm.dll
0x00007ffacb990000 - 0x00007ffacba3e000 	C:\Windows\System32\ADVAPI32.dll
0x00007ffacadd0000 - 0x00007ffacae74000 	C:\Windows\System32\sechost.dll
0x00007ffac9a30000 - 0x00007ffac9b47000 	C:\Windows\System32\RPCRT4.dll
0x00007ffa9fb70000 - 0x00007ffa9fb79000 	C:\Windows\SYSTEM32\WSOCK32.dll
0x00007ffac9b50000 - 0x00007ffac9bc1000 	C:\Windows\System32\WS2_32.dll
0x00007ffac8f20000 - 0x00007ffac8f6d000 	C:\Windows\SYSTEM32\POWRPROF.dll
0x00007ffac0b30000 - 0x00007ffac0b64000 	C:\Windows\SYSTEM32\WINMM.dll
0x00007ffabcc10000 - 0x00007ffabcc1a000 	C:\Windows\SYSTEM32\VERSION.dll
0x00007ffac8f00000 - 0x00007ffac8f13000 	C:\Windows\SYSTEM32\UMPDC.dll
0x00007ffac8060000 - 0x00007ffac8078000 	C:\Windows\SYSTEM32\kernel.appcore.dll
0x00007ffa9f3d0000 - 0x00007ffa9f3da000 	C:\Program Files\Android\Android Studio\jbr\bin\jimage.dll
0x00007ffac6160000 - 0x00007ffac638e000 	C:\Windows\SYSTEM32\DBGHELP.DLL
0x00007ffaca9e0000 - 0x00007ffacad69000 	C:\Windows\System32\combase.dll
0x00007ffaca040000 - 0x00007ffaca117000 	C:\Windows\System32\OLEAUT32.dll
0x00007ffaaa7f0000 - 0x00007ffaaa822000 	C:\Windows\SYSTEM32\dbgcore.DLL
0x00007ffac94a0000 - 0x00007ffac951b000 	C:\Windows\System32\bcryptPrimitives.dll
0x00007ffa7aac0000 - 0x00007ffa7aae5000 	C:\Program Files\Android\Android Studio\jbr\bin\java.dll
0x00007ffa7aaa0000 - 0x00007ffa7aab8000 	C:\Program Files\Android\Android Studio\jbr\bin\zip.dll
0x00007ffaca120000 - 0x00007ffaca91a000 	C:\Windows\System32\SHELL32.dll
0x00007ffac7000000 - 0x00007ffac78ce000 	C:\Windows\SYSTEM32\windows.storage.dll
0x00007ffac6ec0000 - 0x00007ffac6ffe000 	C:\Windows\SYSTEM32\wintypes.dll
0x00007ffacae80000 - 0x00007ffacaf71000 	C:\Windows\System32\SHCORE.dll
0x00007ffacad70000 - 0x00007ffacadce000 	C:\Windows\System32\shlwapi.dll
0x00007ffac8f80000 - 0x00007ffac8fa1000 	C:\Windows\SYSTEM32\profapi.dll
0x00007ffa7a8d0000 - 0x00007ffa7a8e9000 	C:\Program Files\Android\Android Studio\jbr\bin\net.dll
0x00007ffac0890000 - 0x00007ffac09c7000 	C:\Windows\SYSTEM32\WINHTTP.dll
0x00007ffac84c0000 - 0x00007ffac8529000 	C:\Windows\system32\mswsock.dll
0x00007ffa7a8b0000 - 0x00007ffa7a8c6000 	C:\Program Files\Android\Android Studio\jbr\bin\nio.dll
0x00007ffa9ba70000 - 0x00007ffa9ba80000 	C:\Program Files\Android\Android Studio\jbr\bin\verify.dll

dbghelp: loaded successfully - version: 4.0.5 - missing functions: none
symbol engine: initialized successfully - sym options: 0x614 - pdb path: .;C:\Program Files\Android\Android Studio\jbr\bin;C:\Windows\SYSTEM32;C:\Windows\WinSxS\amd64_microsoft.windows.common-controls_6595b64144ccf1df_6.0.22621.1635_none_270f70857386168e;C:\Program Files\Android\Android Studio\jbr\bin\server

VM Arguments:
java_command: org.jetbrains.kotlin.cli.jvm.K2JVMCompiler @C:\Users\Admin\Documents\LocationTracker\app\build\20240701_5716360186102172688.compiler.options
java_class_path (initial): C:\Users\Admin\.gradle\caches\modules-2\files-2.1\org.jetbrains.kotlin\kotlin-compiler-embeddable\1.9.0\2c8c3a7402becca891f12739b3e9fd2dc2adbd7a\kotlin-compiler-embeddable-1.9.0.jar;C:\Users\Admin\.gradle\caches\modules-2\files-2.1\org.jetbrains.kotlin\kotlin-stdlib\1.9.0\8ee15ef0c67dc83d874f412d84378d7f0eb50b63\kotlin-stdlib-1.9.0.jar;C:\Users\Admin\.gradle\caches\modules-2\files-2.1\org.jetbrains.kotlin\kotlin-script-runtime\1.9.0\4b3102cbbb7e1b58d9d1adf89563f00069ffa7d1\kotlin-script-runtime-1.9.0.jar;C:\Users\Admin\.gradle\caches\modules-2\files-2.1\org.jetbrains.kotlin\kotlin-reflect\1.6.10\1cbe9c92c12a94eea200d23c2bbaedaf3daf5132\kotlin-reflect-1.6.10.jar;C:\Users\Admin\.gradle\caches\modules-2\files-2.1\org.jetbrains.kotlin\kotlin-daemon-embeddable\1.9.0\186543f5e28cf8d9a0290fecc2cf34301c40a65c\kotlin-daemon-embeddable-1.9.0.jar;C:\Users\Admin\.gradle\caches\modules-2\files-2.1\org.jetbrains.intellij.deps\trove4j\1.0.20200330\3afb14d5f9ceb459d724e907a21145e8ff394f02\trove4j-1.0.20200330.jar;C:\Users\Admin\.gradle\caches\modules-2\files-2.1\org.jetbrains.kotlin\kotlin-stdlib-common\1.9.0\cd65c21cfd1eec4d44ef09f9f52b6d9f8a720636\kotlin-stdlib-common-1.9.0.jar;C:\Users\Admin\.gradle\caches\modules-2\files-2.1\org.jetbrains\annotations\13.0\919f0dfe192fb4e063e7dacadee7f8bb9a2672a9\annotations-13.0.jar
Launcher Type: SUN_STANDARD

[Global flags]
     intx CICompilerCount                          = 4                                         {product} {ergonomic}
     uint ConcGCThreads                            = 2                                         {product} {ergonomic}
     uint G1ConcRefinementThreads                  = 8                                         {product} {ergonomic}
   size_t G1HeapRegionSize                         = 2097152                                   {product} {ergonomic}
    uintx GCDrainStackTargetSize                   = 64                                        {product} {ergonomic}
   size_t InitialHeapSize                          = 268435456                                 {product} {ergonomic}
   size_t MarkStackSize                            = 4194304                                   {product} {ergonomic}
   size_t MaxHeapSize                              = 4263510016                                {product} {ergonomic}
   size_t MaxNewSize                               = 2556428288                                {product} {ergonomic}
   size_t MinHeapDeltaBytes                        = 2097152                                   {product} {ergonomic}
   size_t MinHeapSize                              = 8388608                                   {product} {ergonomic}
    uintx NonNMethodCodeHeapSize                   = 5839372                                {pd product} {ergonomic}
    uintx NonProfiledCodeHeapSize                  = 122909434                              {pd product} {ergonomic}
    uintx ProfiledCodeHeapSize                     = 122909434                              {pd product} {ergonomic}
    uintx ReservedCodeCacheSize                    = 251658240                              {pd product} {ergonomic}
     bool SegmentedCodeCache                       = true                                      {product} {ergonomic}
   size_t SoftMaxHeapSize                          = 4263510016                             {manageable} {ergonomic}
     bool UseCompressedClassPointers               = true                           {product lp64_product} {ergonomic}
     bool UseCompressedOops                        = true                           {product lp64_product} {ergonomic}
     bool UseG1GC                                  = true                                      {product} {ergonomic}
     bool UseLargePagesIndividualAllocation        = false                                  {pd product} {ergonomic}

Logging:
Log output configuration:
 #0: stdout all=warning uptime,level,tags
 #1: stderr all=off uptime,level,tags

Environment Variables:
PATH=C:\Windows\system32;C:\Windows;C:\Windows\System32\Wbem;C:\Windows\System32\WindowsPowerShell\v1.0\;C:\Windows\System32\OpenSSH\;C:\Program Files\Git\cmd;C:\Users\Admin\AppData\Local\Microsoft\WindowsApps;
USERNAME=Admin
OS=Windows_NT
PROCESSOR_IDENTIFIER=Intel64 Family 6 Model 142 Stepping 10, GenuineIntel
TMP=C:\Users\Admin\AppData\Local\Temp
TEMP=C:\Users\Admin\AppData\Local\Temp



Periodic native trim disabled

JNI global refs:
JNI global refs: 9, weak refs: 0

JNI global refs memory usage: 843, weak refs: 841

OOME stack traces (most recent first):
Classloader memory used:
Loader jdk.internal.loader.ClassLoaders$AppClassLoader                                 : 5848K
Loader bootstrap                                                                       : 1301K
Loader jdk.internal.reflect.DelegatingClassLoader                                      : 11685B


---------------  S Y S T E M  ---------------

OS:
 Windows 11 , 64 bit Build 22621 (10.0.22621.1635)
OS uptime: 2 days 23:18 hours
Hyper-V role detected

CPU: total 8 (initial active 8) (4 cores per cpu, 2 threads per core) family 6 model 142 stepping 10 microcode 0xf4, cx8, cmov, fxsr, ht, mmx, 3dnowpref, sse, sse2, sse3, ssse3, sse4.1, sse4.2, popcnt, lzcnt, tsc, tscinvbit, avx, avx2, aes, erms, clmul, bmi1, bmi2, rtm, adx, fma, vzeroupper, clflush, clflushopt, hv
Processor Information for all 8 processors :
  Max Mhz: 2112, Current Mhz: 1910, Mhz Limit: 1900

Memory: 4k page, system-wide physical 16262M (5766M free)
TotalPageFile size 18694M (AvailPageFile size 6400M)
current process WorkingSet (physical memory assigned to process): 253M, peak: 263M
current process commit charge ("private bytes"): 289M, peak: 370M

vm_info: OpenJDK 64-Bit Server VM (17.0.10+0--11609105) for windows-amd64 JRE (17.0.10+0--11609105), built on Mar 21 2024 19:10:56 by "androidbuild" with MS VC++ 16.10 / 16.11 (VS2019)

END.
